<?xml version="1.0" encoding="UTF-8"?>
<!-- Generated by org.testng.reporters.JUnitReportReporter -->
<testsuite hostname="DESKTOP-LJRK77K" name="Base.BrowserTest" tests="3" failures="0" timestamp="20 Apr 2020 03:45:57 GMT" time="115.337" errors="0">
  <testcase name="Test2" time="64.360" classname="Base.BrowserTest"/>
  <testcase name="Test1" time="28.805" classname="Base.BrowserTest"/>
  <testcase name="Test3" time="22.172" classname="Base.BrowserTest"/>
</testsuite> <!-- Base.BrowserTest -->
