<?xml version="1.0" encoding="UTF-8"?>
<!-- Generated by org.testng.reporters.JUnitReportReporter -->
<testsuite hostname="DESKTOP-LJRK77K" name="BrowserTest" tests="3" failures="0" timestamp="18 Apr 2020 13:28:02 GMT" time="97.908" errors="0">
  <testcase name="Test2" time="24.064" classname="BrowserTest"/>
  <testcase name="Test3" time="25.211" classname="BrowserTest"/>
  <testcase name="Test1" time="48.633" classname="BrowserTest"/>
</testsuite> <!-- BrowserTest -->
